Using pre-set license

 COMMAND LINE ARGUMENTS:
/Applications/Unity/Hub/Editor/2020.2.1f1/Unity.app/Contents/MacOS/Unity
-adb2
-batchMode
-noUpm
-name
AssetImportWorker0
-projectPath
/Users/pingo/project/gameCreate/unity/sandbox
-logFile
Logs/AssetImportWorker0.log
-srvPort
53870
Successfully changed project path to: /Users/pingo/project/gameCreate/unity/sandbox
/Users/pingo/project/gameCreate/unity/sandbox
Using Asset Import Pipeline V2.
Refreshing native plugins compatible for Editor in 46.50 ms, found 2 plugins.
Preloading 0 native plugins for Editor in 0.00 ms.
Initialize engine version: 2020.2.1f1 (270dd8c3da1c)
[Subsystems] Discovering subsystems at path /Applications/Unity/Hub/Editor/2020.2.1f1/Unity.app/Contents/Resources/UnitySubsystems
[Subsystems] Discovering subsystems at path /Users/pingo/project/gameCreate/unity/sandbox/Assets
GfxDevice: creating device client; threaded=0
2023-01-14 22:24:32.718 Unity[28741:4028369] Color LCD preferred device: Intel(R) Iris(TM) Plus Graphics 655 (low power)
2023-01-14 22:24:32.718 Unity[28741:4028369] Metal devices available: 1
2023-01-14 22:24:32.718 Unity[28741:4028369] 0: Intel(R) Iris(TM) Plus Graphics 655 (low power)
2023-01-14 22:24:32.719 Unity[28741:4028369] Using device Intel(R) Iris(TM) Plus Graphics 655 (low power)
Initializing Metal device caps: Intel(R) Iris(TM) Plus Graphics 655
Initialize mono
Mono path[0] = '/Applications/Unity/Hub/Editor/2020.2.1f1/Unity.app/Contents/Managed'
Mono path[1] = '/Applications/Unity/Hub/Editor/2020.2.1f1/Unity.app/Contents/MonoBleedingEdge/lib/mono/unityjit'
Mono config path = '/Applications/Unity/Hub/Editor/2020.2.1f1/Unity.app/Contents/MonoBleedingEdge/etc'
Using monoOptions --debugger-agent=transport=dt_socket,embedding=1,server=y,suspend=n,address=127.0.0.1:56741
Begin MonoManager ReloadAssembly
Registering precompiled unity dll's ...
Register platform support module: /Applications/Unity/Hub/Editor/2020.2.1f1/PlaybackEngines/WebGLSupport/UnityEditor.WebGL.Extensions.dll
Register platform support module: /Applications/Unity/Hub/Editor/2020.2.1f1/Unity.app/Contents/PlaybackEngines/MacStandaloneSupport/UnityEditor.OSXStandalone.Extensions.dll
Register platform support module: /Applications/Unity/Hub/Editor/2020.2.1f1/PlaybackEngines/WindowsStandaloneSupport/UnityEditor.WindowsStandalone.Extensions.dll
Registered in 0.001198 seconds.
Native extension for WindowsStandalone target not found
Native extension for OSXStandalone target not found
Native extension for WebGL target not found
Refreshing native plugins compatible for Editor in 52.39 ms, found 2 plugins.
Preloading 0 native plugins for Editor in 0.00 ms.
Invoked RoslynAnalysisRunner static constructor.
RoslynAnalysisRunner will not be running.
RoslynAnalysisRunner has terminated.
Mono: successfully reloaded assembly
- Completed reload, in  5.343 seconds
Platform modules already initialized, skipping
Registering precompiled user dll's ...
Registered in 0.000470 seconds.
Begin MonoManager ReloadAssembly
Native extension for WindowsStandalone target not found
Native extension for OSXStandalone target not found
Native extension for WebGL target not found
Refreshing native plugins compatible for Editor in 44.28 ms, found 2 plugins.
Preloading 0 native plugins for Editor in 0.00 ms.
Invoked RoslynAnalysisRunner static constructor.
RoslynAnalysisRunner will not be running.
RoslynAnalysisRunner has terminated.
Mono: successfully reloaded assembly
- Completed reload, in  1.284 seconds
Platform modules already initialized, skipping
========================================================================
Worker process is ready to serve import requests
Launching external process: /Applications/Unity/Hub/Editor/2020.2.1f1/Unity.app/Contents/Tools/UnityShaderCompiler
Launched and connected shader compiler UnityShaderCompiler after 0.25 seconds
Refreshing native plugins compatible for Editor in 0.43 ms, found 2 plugins.
Preloading 0 native plugins for Editor in 0.00 ms.
Unloading 2027 Unused Serialized files (Serialized files now loaded: 0)
System memory in use before: 160.5 MB.
System memory in use after: 160.4 MB.

Unloading 24 unused Assets to reduce memory usage. Loaded Objects now: 2466.
Total: 2.859069 ms (FindLiveObjects: 0.302477 ms CreateObjectMapping: 0.122836 ms MarkObjects: 2.299474 ms  DeleteObjects: 0.133026 ms)

========================================================================
Received Import Request.
  path: Assets/Scripts
  artifactKey: Guid(0a3d7d290373e43f4aeb0979170536ef) Importer(815301076,1909f56bfc062723c751e8b465ee728b)
Start importing Assets/Scripts using Guid(0a3d7d290373e43f4aeb0979170536ef) Importer(815301076,1909f56bfc062723c751e8b465ee728b)  -> (artifact id: '8d09befa1f0215dc93e3af68e7f185ab') in 0.005720 seconds
  Import took 0.009417 seconds .

========================================================================
Received Import Request.
  Time since last request: 1.678946 seconds.
  path: Assets/Scripts/Test.cs
  artifactKey: Guid(5851368d6ca9d48a6b8ce0da39dbcb63) Importer(815301076,1909f56bfc062723c751e8b465ee728b)
Start importing Assets/Scripts/Test.cs using Guid(5851368d6ca9d48a6b8ce0da39dbcb63) Importer(815301076,1909f56bfc062723c751e8b465ee728b)  -> (artifact id: '67dedff1b8e36d3fa9ccdcc36fb8ddea') in 0.393502 seconds
  Import took 0.397216 seconds .

========================================================================
Received Prepare
Registering precompiled user dll's ...
Registered in 0.000542 seconds.
Begin MonoManager ReloadAssembly
Native extension for WindowsStandalone target not found
Native extension for OSXStandalone target not found
Native extension for WebGL target not found
Refreshing native plugins compatible for Editor in 0.51 ms, found 2 plugins.
Preloading 0 native plugins for Editor in 0.00 ms.
Invoked RoslynAnalysisRunner static constructor.
RoslynAnalysisRunner will not be running.
RoslynAnalysisRunner has terminated.
Mono: successfully reloaded assembly
- Completed reload, in  1.216 seconds
Platform modules already initialized, skipping
Refreshing native plugins compatible for Editor in 0.53 ms, found 2 plugins.
Preloading 0 native plugins for Editor in 0.00 ms.
Unloading 2023 Unused Serialized files (Serialized files now loaded: 0)
System memory in use before: 165.0 MB.
System memory in use after: 165.0 MB.

Unloading 12 unused Assets to reduce memory usage. Loaded Objects now: 2470.
Total: 2.002745 ms (FindLiveObjects: 0.313435 ms CreateObjectMapping: 0.074031 ms MarkObjects: 1.528347 ms  DeleteObjects: 0.086062 ms)

========================================================================
Received Prepare
Registering precompiled user dll's ...
Registered in 0.001388 seconds.
Begin MonoManager ReloadAssembly
Native extension for WindowsStandalone target not found
Native extension for OSXStandalone target not found
Native extension for WebGL target not found
Refreshing native plugins compatible for Editor in 0.47 ms, found 2 plugins.
Preloading 0 native plugins for Editor in 0.00 ms.
Invoked RoslynAnalysisRunner static constructor.
RoslynAnalysisRunner will not be running.
RoslynAnalysisRunner has terminated.
Mono: successfully reloaded assembly
- Completed reload, in  1.160 seconds
Platform modules already initialized, skipping
Refreshing native plugins compatible for Editor in 0.42 ms, found 2 plugins.
Preloading 0 native plugins for Editor in 0.00 ms.
Unloading 2022 Unused Serialized files (Serialized files now loaded: 0)
System memory in use before: 165.3 MB.
System memory in use after: 165.3 MB.

Unloading 13 unused Assets to reduce memory usage. Loaded Objects now: 2472.
Total: 2.647310 ms (FindLiveObjects: 0.278388 ms CreateObjectMapping: 0.069370 ms MarkObjects: 2.190214 ms  DeleteObjects: 0.100140 ms)

========================================================================
Received Prepare
Registering precompiled user dll's ...
Registered in 0.000944 seconds.
Begin MonoManager ReloadAssembly
Native extension for WindowsStandalone target not found
Native extension for OSXStandalone target not found
Native extension for WebGL target not found
Refreshing native plugins compatible for Editor in 0.44 ms, found 2 plugins.
Preloading 0 native plugins for Editor in 0.00 ms.
Invoked RoslynAnalysisRunner static constructor.
RoslynAnalysisRunner will not be running.
RoslynAnalysisRunner has terminated.
Mono: successfully reloaded assembly
- Completed reload, in  1.164 seconds
Platform modules already initialized, skipping
Refreshing native plugins compatible for Editor in 0.43 ms, found 2 plugins.
Preloading 0 native plugins for Editor in 0.00 ms.
Unloading 2193 Unused Serialized files (Serialized files now loaded: 0)
System memory in use before: 171.0 MB.
System memory in use after: 171.0 MB.

Unloading 12 unused Assets to reduce memory usage. Loaded Objects now: 2646.
Total: 2.282453 ms (FindLiveObjects: 0.340607 ms CreateObjectMapping: 0.081217 ms MarkObjects: 1.754909 ms  DeleteObjects: 0.103616 ms)

========================================================================
Received Prepare
Registering precompiled user dll's ...
Registered in 0.001464 seconds.
Begin MonoManager ReloadAssembly
Native extension for WindowsStandalone target not found
Native extension for OSXStandalone target not found
Native extension for WebGL target not found
Refreshing native plugins compatible for Editor in 0.56 ms, found 2 plugins.
Preloading 0 native plugins for Editor in 0.00 ms.
Invoked RoslynAnalysisRunner static constructor.
RoslynAnalysisRunner will not be running.
RoslynAnalysisRunner has terminated.
Mono: successfully reloaded assembly
- Completed reload, in  1.507 seconds
Platform modules already initialized, skipping
Refreshing native plugins compatible for Editor in 0.78 ms, found 2 plugins.
Preloading 0 native plugins for Editor in 0.00 ms.
Unloading 2194 Unused Serialized files (Serialized files now loaded: 0)
System memory in use before: 171.4 MB.
System memory in use after: 171.4 MB.

Unloading 12 unused Assets to reduce memory usage. Loaded Objects now: 2650.
Total: 4.187550 ms (FindLiveObjects: 0.392094 ms CreateObjectMapping: 0.204444 ms MarkObjects: 3.388286 ms  DeleteObjects: 0.200566 ms)

========================================================================
Received Import Request.
  Time since last request: 291.988209 seconds.
  path: Assets/Scripts/Test.cs
  artifactKey: Guid(5851368d6ca9d48a6b8ce0da39dbcb63) Importer(815301076,1909f56bfc062723c751e8b465ee728b)
Start importing Assets/Scripts/Test.cs using Guid(5851368d6ca9d48a6b8ce0da39dbcb63) Importer(815301076,1909f56bfc062723c751e8b465ee728b)  -> (artifact id: '56fb3a8215b57f4dde34efa5f3244738') in 0.007613 seconds
  Import took 0.012039 seconds .

========================================================================
Received Prepare
Registering precompiled user dll's ...
Registered in 0.001418 seconds.
Begin MonoManager ReloadAssembly
Native extension for WindowsStandalone target not found
Native extension for OSXStandalone target not found
Native extension for WebGL target not found
Refreshing native plugins compatible for Editor in 0.61 ms, found 2 plugins.
Preloading 0 native plugins for Editor in 0.00 ms.
Invoked RoslynAnalysisRunner static constructor.
RoslynAnalysisRunner will not be running.
RoslynAnalysisRunner has terminated.
Mono: successfully reloaded assembly
- Completed reload, in  1.335 seconds
Platform modules already initialized, skipping
Refreshing native plugins compatible for Editor in 0.43 ms, found 2 plugins.
Preloading 0 native plugins for Editor in 0.00 ms.
Unloading 2194 Unused Serialized files (Serialized files now loaded: 0)
System memory in use before: 171.7 MB.
System memory in use after: 171.7 MB.

Unloading 12 unused Assets to reduce memory usage. Loaded Objects now: 2653.
Total: 3.498388 ms (FindLiveObjects: 0.541238 ms CreateObjectMapping: 0.183378 ms MarkObjects: 2.560085 ms  DeleteObjects: 0.190407 ms)

========================================================================
Received Prepare
Registering precompiled user dll's ...
Registered in 0.000592 seconds.
Begin MonoManager ReloadAssembly
Native extension for WindowsStandalone target not found
Native extension for OSXStandalone target not found
Native extension for WebGL target not found
Refreshing native plugins compatible for Editor in 0.72 ms, found 2 plugins.
Preloading 0 native plugins for Editor in 0.00 ms.
Invoked RoslynAnalysisRunner static constructor.
RoslynAnalysisRunner will not be running.
RoslynAnalysisRunner has terminated.
Mono: successfully reloaded assembly
- Completed reload, in  1.141 seconds
Platform modules already initialized, skipping
Refreshing native plugins compatible for Editor in 0.76 ms, found 2 plugins.
Preloading 0 native plugins for Editor in 0.00 ms.
Unloading 2193 Unused Serialized files (Serialized files now loaded: 0)
System memory in use before: 172.0 MB.
System memory in use after: 172.0 MB.

Unloading 13 unused Assets to reduce memory usage. Loaded Objects now: 2655.
Total: 2.742656 ms (FindLiveObjects: 0.370422 ms CreateObjectMapping: 0.111036 ms MarkObjects: 2.115196 ms  DeleteObjects: 0.144493 ms)

========================================================================
Received Import Request.
  Time since last request: 80.761088 seconds.
  path: Assets/Scripts/Save.cs
  artifactKey: Guid(3775906be131842608ea5302bb4cb3df) Importer(815301076,1909f56bfc062723c751e8b465ee728b)
Start importing Assets/Scripts/Save.cs using Guid(3775906be131842608ea5302bb4cb3df) Importer(815301076,1909f56bfc062723c751e8b465ee728b)  -> (artifact id: '83aabc972a471b21d8085413da68e14f') in 0.010206 seconds
  Import took 0.015409 seconds .

========================================================================
Received Prepare
Registering precompiled user dll's ...
Registered in 0.001428 seconds.
Begin MonoManager ReloadAssembly
Native extension for WindowsStandalone target not found
Native extension for OSXStandalone target not found
Native extension for WebGL target not found
Refreshing native plugins compatible for Editor in 0.76 ms, found 2 plugins.
Preloading 0 native plugins for Editor in 0.00 ms.
Invoked RoslynAnalysisRunner static constructor.
RoslynAnalysisRunner will not be running.
RoslynAnalysisRunner has terminated.
Mono: successfully reloaded assembly
- Completed reload, in  1.295 seconds
Platform modules already initialized, skipping
Refreshing native plugins compatible for Editor in 0.96 ms, found 2 plugins.
Preloading 0 native plugins for Editor in 0.00 ms.
Unloading 2194 Unused Serialized files (Serialized files now loaded: 0)
System memory in use before: 172.4 MB.
System memory in use after: 172.4 MB.

Unloading 12 unused Assets to reduce memory usage. Loaded Objects now: 2659.
Total: 3.329216 ms (FindLiveObjects: 0.582919 ms CreateObjectMapping: 0.143605 ms MarkObjects: 2.458445 ms  DeleteObjects: 0.142378 ms)

========================================================================
Received Import Request.
  Time since last request: 772.390013 seconds.
  path: Assets/Scripts/Save.cs
  artifactKey: Guid(3775906be131842608ea5302bb4cb3df) Importer(815301076,1909f56bfc062723c751e8b465ee728b)
Start importing Assets/Scripts/Save.cs using Guid(3775906be131842608ea5302bb4cb3df) Importer(815301076,1909f56bfc062723c751e8b465ee728b)  -> (artifact id: 'bc1c93412021b41e532f97d52354801d') in 0.009083 seconds
  Import took 0.013977 seconds .

========================================================================
Received Prepare
Registering precompiled user dll's ...
Registered in 0.002213 seconds.
Begin MonoManager ReloadAssembly
Native extension for WindowsStandalone target not found
Native extension for OSXStandalone target not found
Native extension for WebGL target not found
Refreshing native plugins compatible for Editor in 0.48 ms, found 2 plugins.
Preloading 0 native plugins for Editor in 0.00 ms.
Invoked RoslynAnalysisRunner static constructor.
RoslynAnalysisRunner will not be running.
RoslynAnalysisRunner has terminated.
Mono: successfully reloaded assembly
- Completed reload, in  1.348 seconds
Platform modules already initialized, skipping
Refreshing native plugins compatible for Editor in 0.49 ms, found 2 plugins.
Preloading 0 native plugins for Editor in 0.00 ms.
Unloading 2194 Unused Serialized files (Serialized files now loaded: 0)
System memory in use before: 172.8 MB.
System memory in use after: 172.8 MB.

Unloading 12 unused Assets to reduce memory usage. Loaded Objects now: 2662.
Total: 1.970808 ms (FindLiveObjects: 0.218902 ms CreateObjectMapping: 0.075786 ms MarkObjects: 1.578574 ms  DeleteObjects: 0.096501 ms)

========================================================================
Received Import Request.
  Time since last request: 50.164600 seconds.
  path: Assets/Scripts/Save
  artifactKey: Guid(612348d97f91b435aa10b8fd56cb0249) Importer(815301076,1909f56bfc062723c751e8b465ee728b)
Start importing Assets/Scripts/Save using Guid(612348d97f91b435aa10b8fd56cb0249) Importer(815301076,1909f56bfc062723c751e8b465ee728b)  -> (artifact id: 'ecb0cd9ccaa52a133e5ffcc231c32b4e') in 0.004881 seconds
  Import took 0.009100 seconds .

========================================================================
Received Prepare
Registering precompiled user dll's ...
Registered in 0.000603 seconds.
Begin MonoManager ReloadAssembly
Native extension for WindowsStandalone target not found
Native extension for OSXStandalone target not found
Native extension for WebGL target not found
Refreshing native plugins compatible for Editor in 0.45 ms, found 2 plugins.
Preloading 0 native plugins for Editor in 0.00 ms.
Invoked RoslynAnalysisRunner static constructor.
RoslynAnalysisRunner will not be running.
RoslynAnalysisRunner has terminated.
Mono: successfully reloaded assembly
- Completed reload, in  1.316 seconds
Platform modules already initialized, skipping
Refreshing native plugins compatible for Editor in 0.46 ms, found 2 plugins.
Preloading 0 native plugins for Editor in 0.00 ms.
Unloading 2194 Unused Serialized files (Serialized files now loaded: 0)
System memory in use before: 173.0 MB.
System memory in use after: 173.0 MB.

Unloading 12 unused Assets to reduce memory usage. Loaded Objects now: 2665.
Total: 1.958238 ms (FindLiveObjects: 0.308883 ms CreateObjectMapping: 0.098352 ms MarkObjects: 1.447543 ms  DeleteObjects: 0.101386 ms)

========================================================================
Received Import Request.
  Time since last request: 41.908643 seconds.
  path: Assets/Scripts/Save/SaveManager.cs
  artifactKey: Guid(3775906be131842608ea5302bb4cb3df) Importer(815301076,1909f56bfc062723c751e8b465ee728b)
Start importing Assets/Scripts/Save/SaveManager.cs using Guid(3775906be131842608ea5302bb4cb3df) Importer(815301076,1909f56bfc062723c751e8b465ee728b)  -> (artifact id: '65d7767439cbb254526c18e4eaffdcf6') in 0.008569 seconds
  Import took 0.013688 seconds .

========================================================================
Received Prepare
Registering precompiled user dll's ...
Registered in 0.001493 seconds.
Begin MonoManager ReloadAssembly
Native extension for WindowsStandalone target not found
Native extension for OSXStandalone target not found
Native extension for WebGL target not found
Refreshing native plugins compatible for Editor in 0.44 ms, found 2 plugins.
Preloading 0 native plugins for Editor in 0.00 ms.
Invoked RoslynAnalysisRunner static constructor.
RoslynAnalysisRunner will not be running.
RoslynAnalysisRunner has terminated.
Mono: successfully reloaded assembly
- Completed reload, in  1.186 seconds
Platform modules already initialized, skipping
Refreshing native plugins compatible for Editor in 0.54 ms, found 2 plugins.
Preloading 0 native plugins for Editor in 0.00 ms.
Unloading 2194 Unused Serialized files (Serialized files now loaded: 0)
System memory in use before: 173.4 MB.
System memory in use after: 173.4 MB.

Unloading 12 unused Assets to reduce memory usage. Loaded Objects now: 2668.
Total: 2.494686 ms (FindLiveObjects: 0.374207 ms CreateObjectMapping: 0.081364 ms MarkObjects: 1.908604 ms  DeleteObjects: 0.128177 ms)

========================================================================
Received Import Request.
  Time since last request: 20.512887 seconds.
  path: Assets/Scripts/Save/Player.cs
  artifactKey: Guid(3775906be131842608ea5302bb4cb3df) Importer(815301076,1909f56bfc062723c751e8b465ee728b)
Start importing Assets/Scripts/Save/Player.cs using Guid(3775906be131842608ea5302bb4cb3df) Importer(815301076,1909f56bfc062723c751e8b465ee728b)  -> (artifact id: '8b2e18d5b719bbbb21259c9ca9523a7b') in 0.009978 seconds
  Import took 0.015126 seconds .

========================================================================
Received Prepare
Registering precompiled user dll's ...
Registered in 0.000699 seconds.
Begin MonoManager ReloadAssembly
Native extension for WindowsStandalone target not found
Native extension for OSXStandalone target not found
Native extension for WebGL target not found
Refreshing native plugins compatible for Editor in 1.12 ms, found 2 plugins.
Preloading 0 native plugins for Editor in 0.00 ms.
Invoked RoslynAnalysisRunner static constructor.
RoslynAnalysisRunner will not be running.
RoslynAnalysisRunner has terminated.
Mono: successfully reloaded assembly
- Completed reload, in  1.185 seconds
Platform modules already initialized, skipping
Refreshing native plugins compatible for Editor in 0.40 ms, found 2 plugins.
Preloading 0 native plugins for Editor in 0.00 ms.
Unloading 2194 Unused Serialized files (Serialized files now loaded: 0)
System memory in use before: 173.7 MB.
System memory in use after: 173.7 MB.

Unloading 12 unused Assets to reduce memory usage. Loaded Objects now: 2671.
Total: 3.228357 ms (FindLiveObjects: 0.464651 ms CreateObjectMapping: 0.264315 ms MarkObjects: 2.378467 ms  DeleteObjects: 0.119072 ms)

========================================================================
Received Prepare
Registering precompiled user dll's ...
Registered in 0.000757 seconds.
Begin MonoManager ReloadAssembly
Native extension for WindowsStandalone target not found
Native extension for OSXStandalone target not found
Native extension for WebGL target not found
Refreshing native plugins compatible for Editor in 0.69 ms, found 2 plugins.
Preloading 0 native plugins for Editor in 0.00 ms.
Invoked RoslynAnalysisRunner static constructor.
RoslynAnalysisRunner will not be running.
RoslynAnalysisRunner has terminated.
Mono: successfully reloaded assembly
- Completed reload, in  1.175 seconds
Platform modules already initialized, skipping
Refreshing native plugins compatible for Editor in 0.42 ms, found 2 plugins.
Preloading 0 native plugins for Editor in 0.00 ms.
Unloading 2194 Unused Serialized files (Serialized files now loaded: 0)
System memory in use before: 174.1 MB.
System memory in use after: 174.1 MB.

Unloading 12 unused Assets to reduce memory usage. Loaded Objects now: 2674.
Total: 2.242504 ms (FindLiveObjects: 0.266412 ms CreateObjectMapping: 0.086556 ms MarkObjects: 1.776574 ms  DeleteObjects: 0.111820 ms)

========================================================================
Received Import Request.
  Time since last request: 25.286998 seconds.
  path: Assets/Scripts/Save/SaveManager.cs
  artifactKey: Guid(3775906be131842608ea5302bb4cb3df) Importer(815301076,1909f56bfc062723c751e8b465ee728b)
Start importing Assets/Scripts/Save/SaveManager.cs using Guid(3775906be131842608ea5302bb4cb3df) Importer(815301076,1909f56bfc062723c751e8b465ee728b)  -> (artifact id: '89e0ef03bf7e747ab560ef98c0fa93ae') in 0.007671 seconds
  Import took 0.011896 seconds .

========================================================================
Received Prepare
Registering precompiled user dll's ...
Registered in 0.001591 seconds.
Begin MonoManager ReloadAssembly
Native extension for WindowsStandalone target not found
Native extension for OSXStandalone target not found
Native extension for WebGL target not found
Refreshing native plugins compatible for Editor in 0.70 ms, found 2 plugins.
Preloading 0 native plugins for Editor in 0.00 ms.
Invoked RoslynAnalysisRunner static constructor.
RoslynAnalysisRunner will not be running.
RoslynAnalysisRunner has terminated.
Mono: successfully reloaded assembly
- Completed reload, in  1.215 seconds
Platform modules already initialized, skipping
Refreshing native plugins compatible for Editor in 0.43 ms, found 2 plugins.
Preloading 0 native plugins for Editor in 0.00 ms.
Unloading 2194 Unused Serialized files (Serialized files now loaded: 0)
System memory in use before: 174.4 MB.
System memory in use after: 174.4 MB.

Unloading 12 unused Assets to reduce memory usage. Loaded Objects now: 2677.
Total: 1.972910 ms (FindLiveObjects: 0.213904 ms CreateObjectMapping: 0.073234 ms MarkObjects: 1.591107 ms  DeleteObjects: 0.093781 ms)

========================================================================
Received Import Request.
  Time since last request: 13.441088 seconds.
  path: Assets/Scripts/Save/Player.cs
  artifactKey: Guid(43095c968cbd444ee837f940ff5f16f9) Importer(815301076,1909f56bfc062723c751e8b465ee728b)
Start importing Assets/Scripts/Save/Player.cs using Guid(43095c968cbd444ee837f940ff5f16f9) Importer(815301076,1909f56bfc062723c751e8b465ee728b)  -> (artifact id: '036f8611b710d3bc0be51066f58d1c0c') in 0.009850 seconds
  Import took 0.014968 seconds .

========================================================================
Received Prepare
Registering precompiled user dll's ...
Registered in 0.000646 seconds.
Begin MonoManager ReloadAssembly
Native extension for WindowsStandalone target not found
Native extension for OSXStandalone target not found
Native extension for WebGL target not found
Refreshing native plugins compatible for Editor in 1.29 ms, found 2 plugins.
Preloading 0 native plugins for Editor in 0.00 ms.
Invoked RoslynAnalysisRunner static constructor.
RoslynAnalysisRunner will not be running.
RoslynAnalysisRunner has terminated.
Mono: successfully reloaded assembly
- Completed reload, in  1.374 seconds
Platform modules already initialized, skipping
Refreshing native plugins compatible for Editor in 0.56 ms, found 2 plugins.
Preloading 0 native plugins for Editor in 0.00 ms.
Unloading 2195 Unused Serialized files (Serialized files now loaded: 0)
System memory in use before: 174.7 MB.
System memory in use after: 174.7 MB.

Unloading 12 unused Assets to reduce memory usage. Loaded Objects now: 2681.
Total: 3.589358 ms (FindLiveObjects: 0.408363 ms CreateObjectMapping: 0.290672 ms MarkObjects: 2.761646 ms  DeleteObjects: 0.127348 ms)

========================================================================
Received Import Request.
  Time since last request: 15.644319 seconds.
  path: Assets/Scripts/Save/Player.cs
  artifactKey: Guid(43095c968cbd444ee837f940ff5f16f9) Importer(815301076,1909f56bfc062723c751e8b465ee728b)
Start importing Assets/Scripts/Save/Player.cs using Guid(43095c968cbd444ee837f940ff5f16f9) Importer(815301076,1909f56bfc062723c751e8b465ee728b)  -> (artifact id: 'd4019805d5281d5b6ff8e122bee6d8fa') in 0.007995 seconds
  Import took 0.012323 seconds .

========================================================================
Received Prepare
Registering precompiled user dll's ...
Registered in 0.000970 seconds.
Begin MonoManager ReloadAssembly
Native extension for WindowsStandalone target not found
Native extension for OSXStandalone target not found
Native extension for WebGL target not found
Refreshing native plugins compatible for Editor in 0.63 ms, found 2 plugins.
Preloading 0 native plugins for Editor in 0.00 ms.
Invoked RoslynAnalysisRunner static constructor.
RoslynAnalysisRunner will not be running.
RoslynAnalysisRunner has terminated.
Mono: successfully reloaded assembly
- Completed reload, in  1.232 seconds
Platform modules already initialized, skipping
Refreshing native plugins compatible for Editor in 0.32 ms, found 2 plugins.
Preloading 0 native plugins for Editor in 0.00 ms.
Unloading 2195 Unused Serialized files (Serialized files now loaded: 0)
System memory in use before: 175.1 MB.
System memory in use after: 175.1 MB.

Unloading 12 unused Assets to reduce memory usage. Loaded Objects now: 2684.
Total: 2.646875 ms (FindLiveObjects: 0.402272 ms CreateObjectMapping: 0.129654 ms MarkObjects: 2.017774 ms  DeleteObjects: 0.095984 ms)

========================================================================
Received Import Request.
  Time since last request: 95.509291 seconds.
  path: Assets/Scripts/Save/Player.cs
  artifactKey: Guid(43095c968cbd444ee837f940ff5f16f9) Importer(815301076,1909f56bfc062723c751e8b465ee728b)
Start importing Assets/Scripts/Save/Player.cs using Guid(43095c968cbd444ee837f940ff5f16f9) Importer(815301076,1909f56bfc062723c751e8b465ee728b)  -> (artifact id: '995b1da1439e6578936e6e4a15b15edf') in 0.008211 seconds
  Import took 0.013928 seconds .

========================================================================
Received Prepare
Registering precompiled user dll's ...
Registered in 0.001926 seconds.
Begin MonoManager ReloadAssembly
Native extension for WindowsStandalone target not found
Native extension for OSXStandalone target not found
Native extension for WebGL target not found
Refreshing native plugins compatible for Editor in 0.49 ms, found 2 plugins.
Preloading 0 native plugins for Editor in 0.00 ms.
Invoked RoslynAnalysisRunner static constructor.
RoslynAnalysisRunner will not be running.
RoslynAnalysisRunner has terminated.
Mono: successfully reloaded assembly
- Completed reload, in  1.339 seconds
Platform modules already initialized, skipping
Refreshing native plugins compatible for Editor in 0.36 ms, found 2 plugins.
Preloading 0 native plugins for Editor in 0.00 ms.
Unloading 2195 Unused Serialized files (Serialized files now loaded: 0)
System memory in use before: 175.4 MB.
System memory in use after: 175.4 MB.

Unloading 12 unused Assets to reduce memory usage. Loaded Objects now: 2687.
Total: 2.086282 ms (FindLiveObjects: 0.230692 ms CreateObjectMapping: 0.077122 ms MarkObjects: 1.675496 ms  DeleteObjects: 0.101234 ms)

========================================================================
Received Import Request.
  Time since last request: 37.352455 seconds.
  path: Assets/Scripts/Save/Player.cs
  artifactKey: Guid(43095c968cbd444ee837f940ff5f16f9) Importer(815301076,1909f56bfc062723c751e8b465ee728b)
Start importing Assets/Scripts/Save/Player.cs using Guid(43095c968cbd444ee837f940ff5f16f9) Importer(815301076,1909f56bfc062723c751e8b465ee728b)  -> (artifact id: '9e64ad2f5fad3bcf28792cf190a1345a') in 0.006864 seconds
  Import took 0.010822 seconds .

========================================================================
Received Import Request.
  Time since last request: 34.291491 seconds.
  path: Assets/Scripts/Save/Player.cs
  artifactKey: Guid(43095c968cbd444ee837f940ff5f16f9) Importer(815301076,1909f56bfc062723c751e8b465ee728b)
Start importing Assets/Scripts/Save/Player.cs using Guid(43095c968cbd444ee837f940ff5f16f9) Importer(815301076,1909f56bfc062723c751e8b465ee728b)  -> (artifact id: 'bfb72bd0f4af4039e8ffe6971ef29b42') in 0.005463 seconds
  Import took 0.011219 seconds .

========================================================================
Received Prepare
Registering precompiled user dll's ...
Registered in 0.000573 seconds.
Begin MonoManager ReloadAssembly
Native extension for WindowsStandalone target not found
Native extension for OSXStandalone target not found
Native extension for WebGL target not found
Refreshing native plugins compatible for Editor in 0.58 ms, found 2 plugins.
Preloading 0 native plugins for Editor in 0.00 ms.
Invoked RoslynAnalysisRunner static constructor.
RoslynAnalysisRunner will not be running.
RoslynAnalysisRunner has terminated.
Mono: successfully reloaded assembly
- Completed reload, in  1.157 seconds
Platform modules already initialized, skipping
Refreshing native plugins compatible for Editor in 0.77 ms, found 2 plugins.
Preloading 0 native plugins for Editor in 0.00 ms.
Unloading 2195 Unused Serialized files (Serialized files now loaded: 0)
System memory in use before: 175.7 MB.
System memory in use after: 175.7 MB.

Unloading 12 unused Assets to reduce memory usage. Loaded Objects now: 2690.
Total: 4.255593 ms (FindLiveObjects: 0.550080 ms CreateObjectMapping: 0.237095 ms MarkObjects: 3.275019 ms  DeleteObjects: 0.191557 ms)

========================================================================
Received Import Request.
  Time since last request: 65.356827 seconds.
  path: Assets/Scripts/Save/Player.cs
  artifactKey: Guid(43095c968cbd444ee837f940ff5f16f9) Importer(815301076,1909f56bfc062723c751e8b465ee728b)
Start importing Assets/Scripts/Save/Player.cs using Guid(43095c968cbd444ee837f940ff5f16f9) Importer(815301076,1909f56bfc062723c751e8b465ee728b)  -> (artifact id: 'd2ce4e2ffc7996f37a8c1ab7e042cad2') in 0.009023 seconds
  Import took 0.013477 seconds .

========================================================================
Received Prepare
Registering precompiled user dll's ...
Registered in 0.001916 seconds.
Begin MonoManager ReloadAssembly
Native extension for WindowsStandalone target not found
Native extension for OSXStandalone target not found
Native extension for WebGL target not found
Refreshing native plugins compatible for Editor in 0.56 ms, found 2 plugins.
Preloading 0 native plugins for Editor in 0.00 ms.
Invoked RoslynAnalysisRunner static constructor.
RoslynAnalysisRunner will not be running.
RoslynAnalysisRunner has terminated.
Mono: successfully reloaded assembly
- Completed reload, in  1.795 seconds
Platform modules already initialized, skipping
Refreshing native plugins compatible for Editor in 1.00 ms, found 2 plugins.
Preloading 0 native plugins for Editor in 0.00 ms.
Unloading 2195 Unused Serialized files (Serialized files now loaded: 0)
System memory in use before: 176.0 MB.
System memory in use after: 176.0 MB.

Unloading 12 unused Assets to reduce memory usage. Loaded Objects now: 2693.
Total: 4.126041 ms (FindLiveObjects: 0.522069 ms CreateObjectMapping: 0.110114 ms MarkObjects: 3.280157 ms  DeleteObjects: 0.205886 ms)

========================================================================
Received Import Request.
  Time since last request: 88.959847 seconds.
  path: Assets/Scripts/Save/Player.cs
  artifactKey: Guid(43095c968cbd444ee837f940ff5f16f9) Importer(815301076,1909f56bfc062723c751e8b465ee728b)
Start importing Assets/Scripts/Save/Player.cs using Guid(43095c968cbd444ee837f940ff5f16f9) Importer(815301076,1909f56bfc062723c751e8b465ee728b)  -> (artifact id: '6436d9a7161c542cffb210d6aa58f167') in 0.010339 seconds
  Import took 0.018446 seconds .

========================================================================
Received Prepare
Registering precompiled user dll's ...
Registered in 0.001614 seconds.
Begin MonoManager ReloadAssembly
Native extension for WindowsStandalone target not found
Native extension for OSXStandalone target not found
Native extension for WebGL target not found
Refreshing native plugins compatible for Editor in 0.49 ms, found 2 plugins.
Preloading 0 native plugins for Editor in 0.00 ms.
Invoked RoslynAnalysisRunner static constructor.
RoslynAnalysisRunner will not be running.
RoslynAnalysisRunner has terminated.
Mono: successfully reloaded assembly
- Completed reload, in  1.235 seconds
Platform modules already initialized, skipping
Refreshing native plugins compatible for Editor in 0.45 ms, found 2 plugins.
Preloading 0 native plugins for Editor in 0.00 ms.
Unloading 2195 Unused Serialized files (Serialized files now loaded: 0)
System memory in use before: 175.4 MB.
System memory in use after: 175.4 MB.

Unloading 12 unused Assets to reduce memory usage. Loaded Objects now: 2696.
Total: 2.099103 ms (FindLiveObjects: 0.221214 ms CreateObjectMapping: 0.073281 ms MarkObjects: 1.700452 ms  DeleteObjects: 0.103316 ms)

========================================================================
Received Import Request.
  Time since last request: 14.294878 seconds.
  path: Assets/Scripts/Save/Player.cs
  artifactKey: Guid(43095c968cbd444ee837f940ff5f16f9) Importer(815301076,1909f56bfc062723c751e8b465ee728b)
Start importing Assets/Scripts/Save/Player.cs using Guid(43095c968cbd444ee837f940ff5f16f9) Importer(815301076,1909f56bfc062723c751e8b465ee728b)  -> (artifact id: 'db2fd32395a1c46bbdbddfb774dc43ae') in 0.009781 seconds
  Import took 0.015276 seconds .

========================================================================
Received Prepare
Registering precompiled user dll's ...
Registered in 0.000593 seconds.
Begin MonoManager ReloadAssembly
Native extension for WindowsStandalone target not found
Native extension for OSXStandalone target not found
Native extension for WebGL target not found
Refreshing native plugins compatible for Editor in 0.44 ms, found 2 plugins.
Preloading 0 native plugins for Editor in 0.00 ms.
Invoked RoslynAnalysisRunner static constructor.
RoslynAnalysisRunner will not be running.
RoslynAnalysisRunner has terminated.
Mono: successfully reloaded assembly
- Completed reload, in  1.419 seconds
Platform modules already initialized, skipping
Refreshing native plugins compatible for Editor in 0.43 ms, found 2 plugins.
Preloading 0 native plugins for Editor in 0.00 ms.
Unloading 2195 Unused Serialized files (Serialized files now loaded: 0)
System memory in use before: 175.7 MB.
System memory in use after: 175.7 MB.

Unloading 12 unused Assets to reduce memory usage. Loaded Objects now: 2699.
Total: 4.132641 ms (FindLiveObjects: 0.422722 ms CreateObjectMapping: 0.273061 ms MarkObjects: 3.222418 ms  DeleteObjects: 0.212951 ms)

========================================================================
Received Import Request.
  Time since last request: 39.265016 seconds.
  path: Assets/Scripts/Save/Player.cs
  artifactKey: Guid(43095c968cbd444ee837f940ff5f16f9) Importer(815301076,1909f56bfc062723c751e8b465ee728b)
Start importing Assets/Scripts/Save/Player.cs using Guid(43095c968cbd444ee837f940ff5f16f9) Importer(815301076,1909f56bfc062723c751e8b465ee728b)  -> (artifact id: 'f4c05d1370aedf22fc73b205ed64c4fb') in 0.007805 seconds
  Import took 0.013205 seconds .

========================================================================
Received Prepare
Registering precompiled user dll's ...
Registered in 0.001672 seconds.
Begin MonoManager ReloadAssembly
Native extension for WindowsStandalone target not found
Native extension for OSXStandalone target not found
Native extension for WebGL target not found
Refreshing native plugins compatible for Editor in 0.47 ms, found 2 plugins.
Preloading 0 native plugins for Editor in 0.00 ms.
Invoked RoslynAnalysisRunner static constructor.
RoslynAnalysisRunner will not be running.
RoslynAnalysisRunner has terminated.
Mono: successfully reloaded assembly
- Completed reload, in  1.239 seconds
Platform modules already initialized, skipping
Refreshing native plugins compatible for Editor in 0.43 ms, found 2 plugins.
Preloading 0 native plugins for Editor in 0.00 ms.
Unloading 2195 Unused Serialized files (Serialized files now loaded: 0)
System memory in use before: 176.0 MB.
System memory in use after: 176.0 MB.

Unloading 12 unused Assets to reduce memory usage. Loaded Objects now: 2702.
Total: 2.374661 ms (FindLiveObjects: 0.584264 ms CreateObjectMapping: 0.129379 ms MarkObjects: 1.561241 ms  DeleteObjects: 0.097611 ms)

========================================================================
Received Prepare
Registering precompiled user dll's ...
Registered in 0.001874 seconds.
Begin MonoManager ReloadAssembly
Native extension for WindowsStandalone target not found
Native extension for OSXStandalone target not found
Native extension for WebGL target not found
Refreshing native plugins compatible for Editor in 0.44 ms, found 2 plugins.
Preloading 0 native plugins for Editor in 0.00 ms.
Invoked RoslynAnalysisRunner static constructor.
RoslynAnalysisRunner will not be running.
RoslynAnalysisRunner has terminated.
Mono: successfully reloaded assembly
- Completed reload, in  1.251 seconds
Platform modules already initialized, skipping
Refreshing native plugins compatible for Editor in 0.41 ms, found 2 plugins.
Preloading 0 native plugins for Editor in 0.00 ms.
Unloading 2195 Unused Serialized files (Serialized files now loaded: 0)
System memory in use before: 176.5 MB.
System memory in use after: 176.5 MB.

Unloading 12 unused Assets to reduce memory usage. Loaded Objects now: 2705.
Total: 2.336138 ms (FindLiveObjects: 0.284816 ms CreateObjectMapping: 0.073133 ms MarkObjects: 1.796326 ms  DeleteObjects: 0.180991 ms)

========================================================================
Received Import Request.
  Time since last request: 13232.467658 seconds.
  path: Assets/Scripts/GameManager.cs
  artifactKey: Guid(d383316d1eef14527bac948739ed3fbf) Importer(815301076,1909f56bfc062723c751e8b465ee728b)
Start importing Assets/Scripts/GameManager.cs using Guid(d383316d1eef14527bac948739ed3fbf) Importer(815301076,1909f56bfc062723c751e8b465ee728b)  -> (artifact id: '4cd646680fad6e66e47b9414785a4393') in 0.010280 seconds
  Import took 0.015305 seconds .

========================================================================
Received Prepare
Registering precompiled user dll's ...
Registered in 0.001109 seconds.
Begin MonoManager ReloadAssembly
Native extension for WindowsStandalone target not found
Native extension for OSXStandalone target not found
Native extension for WebGL target not found
Refreshing native plugins compatible for Editor in 0.42 ms, found 2 plugins.
Preloading 0 native plugins for Editor in 0.00 ms.
Invoked RoslynAnalysisRunner static constructor.
RoslynAnalysisRunner will not be running.
RoslynAnalysisRunner has terminated.
Mono: successfully reloaded assembly
- Completed reload, in  0.995 seconds
Platform modules already initialized, skipping
Refreshing native plugins compatible for Editor in 0.39 ms, found 2 plugins.
Preloading 0 native plugins for Editor in 0.00 ms.
Unloading 2196 Unused Serialized files (Serialized files now loaded: 0)
System memory in use before: 176.9 MB.
System memory in use after: 176.9 MB.

Unloading 12 unused Assets to reduce memory usage. Loaded Objects now: 2709.
Total: 2.062748 ms (FindLiveObjects: 0.401116 ms CreateObjectMapping: 0.079601 ms MarkObjects: 1.441264 ms  DeleteObjects: 0.139567 ms)

========================================================================
Received Import Request.
  Time since last request: 25.955559 seconds.
  path: Assets/Scripts/GameManager.cs
  artifactKey: Guid(d383316d1eef14527bac948739ed3fbf) Importer(815301076,1909f56bfc062723c751e8b465ee728b)
Start importing Assets/Scripts/GameManager.cs using Guid(d383316d1eef14527bac948739ed3fbf) Importer(815301076,1909f56bfc062723c751e8b465ee728b)  -> (artifact id: '0fb148ae7fbe1499d2ce84ebbfc7b5cd') in 0.007646 seconds
  Import took 0.012337 seconds .

========================================================================
Received Prepare
Registering precompiled user dll's ...
Registered in 0.001373 seconds.
Begin MonoManager ReloadAssembly
Native extension for WindowsStandalone target not found
Native extension for OSXStandalone target not found
Native extension for WebGL target not found
Refreshing native plugins compatible for Editor in 0.42 ms, found 2 plugins.
Preloading 0 native plugins for Editor in 0.00 ms.
Invoked RoslynAnalysisRunner static constructor.
RoslynAnalysisRunner will not be running.
RoslynAnalysisRunner has terminated.
Mono: successfully reloaded assembly
- Completed reload, in  1.016 seconds
Platform modules already initialized, skipping
Refreshing native plugins compatible for Editor in 0.33 ms, found 2 plugins.
Preloading 0 native plugins for Editor in 0.00 ms.
Unloading 2196 Unused Serialized files (Serialized files now loaded: 0)
System memory in use before: 177.2 MB.
System memory in use after: 177.2 MB.

Unloading 12 unused Assets to reduce memory usage. Loaded Objects now: 2712.
Total: 3.037628 ms (FindLiveObjects: 0.357058 ms CreateObjectMapping: 0.179504 ms MarkObjects: 2.355971 ms  DeleteObjects: 0.143332 ms)

========================================================================
Received Prepare
Registering precompiled user dll's ...
Registered in 0.000643 seconds.
Begin MonoManager ReloadAssembly
Native extension for WindowsStandalone target not found
Native extension for OSXStandalone target not found
Native extension for WebGL target not found
Refreshing native plugins compatible for Editor in 0.55 ms, found 2 plugins.
Preloading 0 native plugins for Editor in 0.00 ms.
Invoked RoslynAnalysisRunner static constructor.
RoslynAnalysisRunner will not be running.
RoslynAnalysisRunner has terminated.
Mono: successfully reloaded assembly
- Completed reload, in  1.073 seconds
Platform modules already initialized, skipping
Refreshing native plugins compatible for Editor in 0.31 ms, found 2 plugins.
Preloading 0 native plugins for Editor in 0.00 ms.
Unloading 2196 Unused Serialized files (Serialized files now loaded: 0)
System memory in use before: 177.5 MB.
System memory in use after: 177.5 MB.

Unloading 12 unused Assets to reduce memory usage. Loaded Objects now: 2715.
Total: 2.586820 ms (FindLiveObjects: 0.382701 ms CreateObjectMapping: 0.151161 ms MarkObjects: 1.941357 ms  DeleteObjects: 0.110319 ms)

========================================================================
Received Prepare
Registering precompiled user dll's ...
Registered in 0.001721 seconds.
Begin MonoManager ReloadAssembly
Native extension for WindowsStandalone target not found
Native extension for OSXStandalone target not found
Native extension for WebGL target not found
Refreshing native plugins compatible for Editor in 0.41 ms, found 2 plugins.
Preloading 0 native plugins for Editor in 0.00 ms.
Invoked RoslynAnalysisRunner static constructor.
RoslynAnalysisRunner will not be running.
RoslynAnalysisRunner has terminated.
Mono: successfully reloaded assembly
- Completed reload, in  1.006 seconds
Platform modules already initialized, skipping
Refreshing native plugins compatible for Editor in 0.36 ms, found 2 plugins.
Preloading 0 native plugins for Editor in 0.00 ms.
Unloading 2196 Unused Serialized files (Serialized files now loaded: 0)
System memory in use before: 177.9 MB.
System memory in use after: 177.9 MB.

Unloading 12 unused Assets to reduce memory usage. Loaded Objects now: 2718.
Total: 2.282590 ms (FindLiveObjects: 0.436883 ms CreateObjectMapping: 0.095712 ms MarkObjects: 1.646187 ms  DeleteObjects: 0.102483 ms)

========================================================================
Received Prepare
Registering precompiled user dll's ...
Registered in 0.000497 seconds.
Begin MonoManager ReloadAssembly
Native extension for WindowsStandalone target not found
Native extension for OSXStandalone target not found
Native extension for WebGL target not found
Refreshing native plugins compatible for Editor in 0.55 ms, found 2 plugins.
Preloading 0 native plugins for Editor in 0.00 ms.
Invoked RoslynAnalysisRunner static constructor.
RoslynAnalysisRunner will not be running.
RoslynAnalysisRunner has terminated.
Mono: successfully reloaded assembly
- Completed reload, in  1.187 seconds
Platform modules already initialized, skipping
Refreshing native plugins compatible for Editor in 0.31 ms, found 2 plugins.
Preloading 0 native plugins for Editor in 0.00 ms.
Unloading 2196 Unused Serialized files (Serialized files now loaded: 0)
System memory in use before: 178.2 MB.
System memory in use after: 178.2 MB.

Unloading 12 unused Assets to reduce memory usage. Loaded Objects now: 2721.
Total: 2.280840 ms (FindLiveObjects: 0.378441 ms CreateObjectMapping: 0.136345 ms MarkObjects: 1.678694 ms  DeleteObjects: 0.085631 ms)

========================================================================
Received Import Request.
  Time since last request: 354.230410 seconds.
  path: Assets/Scripts/Model
  artifactKey: Guid(a55108123ea424335b54ee42359165d9) Importer(815301076,1909f56bfc062723c751e8b465ee728b)
Start importing Assets/Scripts/Model using Guid(a55108123ea424335b54ee42359165d9) Importer(815301076,1909f56bfc062723c751e8b465ee728b)  -> (artifact id: '2ceffca6033566410c1aea5d8ae3d99c') in 0.008338 seconds
  Import took 0.015475 seconds .

========================================================================
Received Import Request.
  Time since last request: 16.711201 seconds.
  path: Assets/Scripts/Model/Player.cs
  artifactKey: Guid(f33b6c1e04d8a4e1aa8f35811fc6fb71) Importer(815301076,1909f56bfc062723c751e8b465ee728b)
Start importing Assets/Scripts/Model/Player.cs using Guid(f33b6c1e04d8a4e1aa8f35811fc6fb71) Importer(815301076,1909f56bfc062723c751e8b465ee728b)  -> (artifact id: '8d7adf000b8f4e8779795ac0991c6e0e') in 0.005264 seconds
  Import took 0.009692 seconds .

========================================================================
Received Prepare
Registering precompiled user dll's ...
Registered in 0.002001 seconds.
Begin MonoManager ReloadAssembly
Native extension for WindowsStandalone target not found
Native extension for OSXStandalone target not found
Native extension for WebGL target not found
Refreshing native plugins compatible for Editor in 0.41 ms, found 2 plugins.
Preloading 0 native plugins for Editor in 0.00 ms.
Invoked RoslynAnalysisRunner static constructor.
RoslynAnalysisRunner will not be running.
RoslynAnalysisRunner has terminated.
Mono: successfully reloaded assembly
- Completed reload, in  1.131 seconds
Platform modules already initialized, skipping
Refreshing native plugins compatible for Editor in 0.32 ms, found 2 plugins.
Preloading 0 native plugins for Editor in 0.00 ms.
Unloading 2197 Unused Serialized files (Serialized files now loaded: 0)
System memory in use before: 177.6 MB.
System memory in use after: 177.7 MB.

Unloading 12 unused Assets to reduce memory usage. Loaded Objects now: 2725.
Total: 2.361159 ms (FindLiveObjects: 0.363751 ms CreateObjectMapping: 0.098489 ms MarkObjects: 1.798850 ms  DeleteObjects: 0.098471 ms)

========================================================================
Received Import Request.
  Time since last request: 40.133628 seconds.
  path: Assets/Scripts/Model/Player.cs
  artifactKey: Guid(f33b6c1e04d8a4e1aa8f35811fc6fb71) Importer(815301076,1909f56bfc062723c751e8b465ee728b)
Start importing Assets/Scripts/Model/Player.cs using Guid(f33b6c1e04d8a4e1aa8f35811fc6fb71) Importer(815301076,1909f56bfc062723c751e8b465ee728b)  -> (artifact id: 'd01dc482645d3b2ef261f05c22bd28e1') in 0.008766 seconds
  Import took 0.013481 seconds .

========================================================================
Received Prepare
Registering precompiled user dll's ...
Registered in 0.000567 seconds.
Begin MonoManager ReloadAssembly
Native extension for WindowsStandalone target not found
Native extension for OSXStandalone target not found
Native extension for WebGL target not found
Refreshing native plugins compatible for Editor in 0.44 ms, found 2 plugins.
Preloading 0 native plugins for Editor in 0.00 ms.
Invoked RoslynAnalysisRunner static constructor.
RoslynAnalysisRunner will not be running.
RoslynAnalysisRunner has terminated.
Mono: successfully reloaded assembly
- Completed reload, in  1.060 seconds
Platform modules already initialized, skipping
Refreshing native plugins compatible for Editor in 0.30 ms, found 2 plugins.
Preloading 0 native plugins for Editor in 0.00 ms.
Unloading 2197 Unused Serialized files (Serialized files now loaded: 0)
System memory in use before: 178.0 MB.
System memory in use after: 178.0 MB.

Unloading 12 unused Assets to reduce memory usage. Loaded Objects now: 2728.
Total: 2.256340 ms (FindLiveObjects: 0.278567 ms CreateObjectMapping: 0.113193 ms MarkObjects: 1.765347 ms  DeleteObjects: 0.098025 ms)

========================================================================
Received Import Request.
  Time since last request: 203.020558 seconds.
  path: Assets/Scripts/Model/Player.cs
  artifactKey: Guid(f33b6c1e04d8a4e1aa8f35811fc6fb71) Importer(815301076,1909f56bfc062723c751e8b465ee728b)
Start importing Assets/Scripts/Model/Player.cs using Guid(f33b6c1e04d8a4e1aa8f35811fc6fb71) Importer(815301076,1909f56bfc062723c751e8b465ee728b)  -> (artifact id: '1d3584ba953739b1136e58482d2e869d') in 0.013914 seconds
  Import took 0.021445 seconds .

========================================================================
Received Import Request.
  Time since last request: 0.008727 seconds.
  path: Assets/Scripts/Model/Player.cs
  artifactKey: Guid(f33b6c1e04d8a4e1aa8f35811fc6fb71) Importer(815301076,1909f56bfc062723c751e8b465ee728b)
Start importing Assets/Scripts/Model/Player.cs using Guid(f33b6c1e04d8a4e1aa8f35811fc6fb71) Importer(815301076,1909f56bfc062723c751e8b465ee728b)  -> (artifact id: '1d3584ba953739b1136e58482d2e869d') in 0.005007 seconds
  Import took 0.009314 seconds .

========================================================================
Received Prepare
Registering precompiled user dll's ...
Registered in 0.000486 seconds.
Begin MonoManager ReloadAssembly
Native extension for WindowsStandalone target not found
Native extension for OSXStandalone target not found
Native extension for WebGL target not found
Refreshing native plugins compatible for Editor in 0.48 ms, found 2 plugins.
Preloading 0 native plugins for Editor in 0.00 ms.
Invoked RoslynAnalysisRunner static constructor.
RoslynAnalysisRunner will not be running.
RoslynAnalysisRunner has terminated.
Mono: successfully reloaded assembly
- Completed reload, in  1.096 seconds
Platform modules already initialized, skipping
Refreshing native plugins compatible for Editor in 0.34 ms, found 2 plugins.
Preloading 0 native plugins for Editor in 0.00 ms.
Unloading 2197 Unused Serialized files (Serialized files now loaded: 0)
System memory in use before: 178.3 MB.
System memory in use after: 178.4 MB.

Unloading 12 unused Assets to reduce memory usage. Loaded Objects now: 2731.
Total: 1.925932 ms (FindLiveObjects: 0.236397 ms CreateObjectMapping: 0.091027 ms MarkObjects: 1.512789 ms  DeleteObjects: 0.084176 ms)

========================================================================
Received Import Request.
  Time since last request: 57.498434 seconds.
  path: Assets/Scripts/Model/Player.cs
  artifactKey: Guid(f33b6c1e04d8a4e1aa8f35811fc6fb71) Importer(815301076,1909f56bfc062723c751e8b465ee728b)
Start importing Assets/Scripts/Model/Player.cs using Guid(f33b6c1e04d8a4e1aa8f35811fc6fb71) Importer(815301076,1909f56bfc062723c751e8b465ee728b)  -> (artifact id: 'c41d2a3256b27c7a77c804638f056576') in 0.010670 seconds
  Import took 0.017320 seconds .

========================================================================
Received Prepare
Registering precompiled user dll's ...
Registered in 0.000912 seconds.
Begin MonoManager ReloadAssembly
Native extension for WindowsStandalone target not found
Native extension for OSXStandalone target not found
Native extension for WebGL target not found
Refreshing native plugins compatible for Editor in 0.51 ms, found 2 plugins.
Preloading 0 native plugins for Editor in 0.00 ms.
Invoked RoslynAnalysisRunner static constructor.
RoslynAnalysisRunner will not be running.
RoslynAnalysisRunner has terminated.
Mono: successfully reloaded assembly
- Completed reload, in  1.154 seconds
Platform modules already initialized, skipping
Refreshing native plugins compatible for Editor in 0.34 ms, found 2 plugins.
Preloading 0 native plugins for Editor in 0.00 ms.
Unloading 2197 Unused Serialized files (Serialized files now loaded: 0)
System memory in use before: 178.6 MB.
System memory in use after: 178.7 MB.

Unloading 12 unused Assets to reduce memory usage. Loaded Objects now: 2734.
Total: 2.157228 ms (FindLiveObjects: 0.429470 ms CreateObjectMapping: 0.106025 ms MarkObjects: 1.537853 ms  DeleteObjects: 0.082939 ms)

========================================================================
Received Import Request.
  Time since last request: 638.324636 seconds.
  path: Assets/Scripts/Model/Player.cs
  artifactKey: Guid(f33b6c1e04d8a4e1aa8f35811fc6fb71) Importer(815301076,1909f56bfc062723c751e8b465ee728b)
Start importing Assets/Scripts/Model/Player.cs using Guid(f33b6c1e04d8a4e1aa8f35811fc6fb71) Importer(815301076,1909f56bfc062723c751e8b465ee728b)  -> (artifact id: 'dd8ac388d7ef0436f1318e5c6ae37e5a') in 0.014355 seconds
  Import took 0.019822 seconds .

========================================================================
Received Prepare
Registering precompiled user dll's ...
Registered in 0.001732 seconds.
Begin MonoManager ReloadAssembly
Native extension for WindowsStandalone target not found
Native extension for OSXStandalone target not found
Native extension for WebGL target not found
Refreshing native plugins compatible for Editor in 0.51 ms, found 2 plugins.
Preloading 0 native plugins for Editor in 0.00 ms.
Invoked RoslynAnalysisRunner static constructor.
RoslynAnalysisRunner will not be running.
RoslynAnalysisRunner has terminated.
Mono: successfully reloaded assembly
- Completed reload, in  1.112 seconds
Platform modules already initialized, skipping
Refreshing native plugins compatible for Editor in 0.33 ms, found 2 plugins.
Preloading 0 native plugins for Editor in 0.00 ms.
Unloading 2197 Unused Serialized files (Serialized files now loaded: 0)
System memory in use before: 179.0 MB.
System memory in use after: 179.1 MB.

Unloading 12 unused Assets to reduce memory usage. Loaded Objects now: 2737.
Total: 2.263882 ms (FindLiveObjects: 0.332688 ms CreateObjectMapping: 0.106167 ms MarkObjects: 1.725831 ms  DeleteObjects: 0.097914 ms)

========================================================================
Received Import Request.
  Time since last request: 367.548558 seconds.
  path: Assets/Scripts/Model/Player.cs
  artifactKey: Guid(f33b6c1e04d8a4e1aa8f35811fc6fb71) Importer(815301076,1909f56bfc062723c751e8b465ee728b)
Start importing Assets/Scripts/Model/Player.cs using Guid(f33b6c1e04d8a4e1aa8f35811fc6fb71) Importer(815301076,1909f56bfc062723c751e8b465ee728b)  -> (artifact id: 'ee1e092db98c5c9c9147b7aa2af67824') in 0.011618 seconds
  Import took 0.016409 seconds .

========================================================================
Received Prepare
Registering precompiled user dll's ...
Registered in 0.001709 seconds.
Begin MonoManager ReloadAssembly
Native extension for WindowsStandalone target not found
Native extension for OSXStandalone target not found
Native extension for WebGL target not found
Refreshing native plugins compatible for Editor in 0.42 ms, found 2 plugins.
Preloading 0 native plugins for Editor in 0.00 ms.
Invoked RoslynAnalysisRunner static constructor.
RoslynAnalysisRunner will not be running.
RoslynAnalysisRunner has terminated.
Mono: successfully reloaded assembly
- Completed reload, in  1.051 seconds
Platform modules already initialized, skipping
Refreshing native plugins compatible for Editor in 0.39 ms, found 2 plugins.
Preloading 0 native plugins for Editor in 0.00 ms.
Unloading 2197 Unused Serialized files (Serialized files now loaded: 0)
System memory in use before: 179.4 MB.
System memory in use after: 179.4 MB.

Unloading 12 unused Assets to reduce memory usage. Loaded Objects now: 2740.
Total: 1.977625 ms (FindLiveObjects: 0.286132 ms CreateObjectMapping: 0.090586 ms MarkObjects: 1.501691 ms  DeleteObjects: 0.098127 ms)

========================================================================
Received Import Request.
  Time since last request: 77.312130 seconds.
  path: Assets/Scripts/Model/Player.cs
  artifactKey: Guid(f33b6c1e04d8a4e1aa8f35811fc6fb71) Importer(815301076,1909f56bfc062723c751e8b465ee728b)
Start importing Assets/Scripts/Model/Player.cs using Guid(f33b6c1e04d8a4e1aa8f35811fc6fb71) Importer(815301076,1909f56bfc062723c751e8b465ee728b)  -> (artifact id: '98abf52035e944b2fea70ef99f56dd21') in 0.007529 seconds
  Import took 0.011965 seconds .

========================================================================
Received Prepare
Registering precompiled user dll's ...
Registered in 0.001341 seconds.
Begin MonoManager ReloadAssembly
Native extension for WindowsStandalone target not found
Native extension for OSXStandalone target not found
Native extension for WebGL target not found
Refreshing native plugins compatible for Editor in 0.60 ms, found 2 plugins.
Preloading 0 native plugins for Editor in 0.00 ms.
Invoked RoslynAnalysisRunner static constructor.
RoslynAnalysisRunner will not be running.
RoslynAnalysisRunner has terminated.
Mono: successfully reloaded assembly
- Completed reload, in  1.050 seconds
Platform modules already initialized, skipping
Refreshing native plugins compatible for Editor in 0.30 ms, found 2 plugins.
Preloading 0 native plugins for Editor in 0.00 ms.
Unloading 2197 Unused Serialized files (Serialized files now loaded: 0)
System memory in use before: 179.7 MB.
System memory in use after: 179.8 MB.

Unloading 12 unused Assets to reduce memory usage. Loaded Objects now: 2743.
Total: 4.681219 ms (FindLiveObjects: 0.952497 ms CreateObjectMapping: 0.339883 ms MarkObjects: 3.213417 ms  DeleteObjects: 0.172697 ms)

========================================================================
Received Import Request.
  Time since last request: 7.045791 seconds.
  path: Assets/Scripts/Model/Player.cs
  artifactKey: Guid(f33b6c1e04d8a4e1aa8f35811fc6fb71) Importer(815301076,1909f56bfc062723c751e8b465ee728b)
Start importing Assets/Scripts/Model/Player.cs using Guid(f33b6c1e04d8a4e1aa8f35811fc6fb71) Importer(815301076,1909f56bfc062723c751e8b465ee728b)  -> (artifact id: '7a9e4ed7ee3d5617eb2d1c2d2355e6b0') in 0.011484 seconds
  Import took 0.016185 seconds .

========================================================================
Received Prepare
Registering precompiled user dll's ...
Registered in 0.000491 seconds.
Begin MonoManager ReloadAssembly
Native extension for WindowsStandalone target not found
Native extension for OSXStandalone target not found
Native extension for WebGL target not found
Refreshing native plugins compatible for Editor in 0.45 ms, found 2 plugins.
Preloading 0 native plugins for Editor in 0.00 ms.
Invoked RoslynAnalysisRunner static constructor.
RoslynAnalysisRunner will not be running.
RoslynAnalysisRunner has terminated.
Mono: successfully reloaded assembly
- Completed reload, in  1.096 seconds
Platform modules already initialized, skipping
Refreshing native plugins compatible for Editor in 0.30 ms, found 2 plugins.
Preloading 0 native plugins for Editor in 0.00 ms.
Unloading 2197 Unused Serialized files (Serialized files now loaded: 0)
System memory in use before: 180.0 MB.
System memory in use after: 180.1 MB.

Unloading 12 unused Assets to reduce memory usage. Loaded Objects now: 2746.
Total: 2.322089 ms (FindLiveObjects: 0.363733 ms CreateObjectMapping: 0.207437 ms MarkObjects: 1.665458 ms  DeleteObjects: 0.084622 ms)

========================================================================
Received Import Request.
  Time since last request: 63.420579 seconds.
  path: Assets/Scripts/Model/Player.cs
  artifactKey: Guid(f33b6c1e04d8a4e1aa8f35811fc6fb71) Importer(815301076,1909f56bfc062723c751e8b465ee728b)
Start importing Assets/Scripts/Model/Player.cs using Guid(f33b6c1e04d8a4e1aa8f35811fc6fb71) Importer(815301076,1909f56bfc062723c751e8b465ee728b)  -> (artifact id: '71f49103e41cd5f864693780e99ad7b2') in 0.011068 seconds
  Import took 0.016741 seconds .

========================================================================
Received Prepare
Registering precompiled user dll's ...
Registered in 0.001453 seconds.
Begin MonoManager ReloadAssembly
Native extension for WindowsStandalone target not found
Native extension for OSXStandalone target not found
Native extension for WebGL target not found
Refreshing native plugins compatible for Editor in 0.41 ms, found 2 plugins.
Preloading 0 native plugins for Editor in 0.00 ms.
Invoked RoslynAnalysisRunner static constructor.
RoslynAnalysisRunner will not be running.
RoslynAnalysisRunner has terminated.
Mono: successfully reloaded assembly
- Completed reload, in  1.067 seconds
Platform modules already initialized, skipping
Refreshing native plugins compatible for Editor in 0.41 ms, found 2 plugins.
Preloading 0 native plugins for Editor in 0.00 ms.
Unloading 2197 Unused Serialized files (Serialized files now loaded: 0)
System memory in use before: 180.4 MB.
System memory in use after: 180.4 MB.

Unloading 12 unused Assets to reduce memory usage. Loaded Objects now: 2749.
Total: 3.964200 ms (FindLiveObjects: 0.473497 ms CreateObjectMapping: 0.192996 ms MarkObjects: 3.117101 ms  DeleteObjects: 0.178525 ms)

========================================================================
Received Import Request.
  Time since last request: 35.723663 seconds.
  path: Assets/Scripts/Model/Player.cs
  artifactKey: Guid(f33b6c1e04d8a4e1aa8f35811fc6fb71) Importer(815301076,1909f56bfc062723c751e8b465ee728b)
Start importing Assets/Scripts/Model/Player.cs using Guid(f33b6c1e04d8a4e1aa8f35811fc6fb71) Importer(815301076,1909f56bfc062723c751e8b465ee728b)  -> (artifact id: '62672b7c8263e9e9e7ccb024b5f6c0ac') in 0.009030 seconds
  Import took 0.014854 seconds .

========================================================================
Received Prepare
Registering precompiled user dll's ...
Registered in 0.001787 seconds.
Begin MonoManager ReloadAssembly
Native extension for WindowsStandalone target not found
Native extension for OSXStandalone target not found
Native extension for WebGL target not found
Refreshing native plugins compatible for Editor in 0.42 ms, found 2 plugins.
Preloading 0 native plugins for Editor in 0.00 ms.
Invoked RoslynAnalysisRunner static constructor.
RoslynAnalysisRunner will not be running.
RoslynAnalysisRunner has terminated.
Mono: successfully reloaded assembly
- Completed reload, in  1.105 seconds
Platform modules already initialized, skipping
Refreshing native plugins compatible for Editor in 0.36 ms, found 2 plugins.
Preloading 0 native plugins for Editor in 0.00 ms.
Unloading 2197 Unused Serialized files (Serialized files now loaded: 0)
System memory in use before: 179.7 MB.
System memory in use after: 179.8 MB.

Unloading 12 unused Assets to reduce memory usage. Loaded Objects now: 2752.
Total: 2.675513 ms (FindLiveObjects: 0.406993 ms CreateObjectMapping: 0.138744 ms MarkObjects: 2.013170 ms  DeleteObjects: 0.114974 ms)

========================================================================
Received Import Request.
  Time since last request: 970.937661 seconds.
  path: Assets/Scripts/Model/Player.cs
  artifactKey: Guid(f33b6c1e04d8a4e1aa8f35811fc6fb71) Importer(815301076,1909f56bfc062723c751e8b465ee728b)
Start importing Assets/Scripts/Model/Player.cs using Guid(f33b6c1e04d8a4e1aa8f35811fc6fb71) Importer(815301076,1909f56bfc062723c751e8b465ee728b)  -> (artifact id: '0dbf0ac86f45acdb11d840300140a74d') in 0.013627 seconds
  Import took 0.020720 seconds .

========================================================================
Received Import Request.
  Time since last request: 4.797661 seconds.
  path: Assets/Scripts/Model/Player.cs
  artifactKey: Guid(f33b6c1e04d8a4e1aa8f35811fc6fb71) Importer(815301076,1909f56bfc062723c751e8b465ee728b)
Start importing Assets/Scripts/Model/Player.cs using Guid(f33b6c1e04d8a4e1aa8f35811fc6fb71) Importer(815301076,1909f56bfc062723c751e8b465ee728b)  -> (artifact id: '3b2b13a245e0ccbd13edd819c33d069d') in 0.005212 seconds
  Import took 0.011462 seconds .

========================================================================
Received Import Request.
  Time since last request: 24.199139 seconds.
  path: Assets/Scripts/Model/Player.cs
  artifactKey: Guid(f33b6c1e04d8a4e1aa8f35811fc6fb71) Importer(815301076,1909f56bfc062723c751e8b465ee728b)
Start importing Assets/Scripts/Model/Player.cs using Guid(f33b6c1e04d8a4e1aa8f35811fc6fb71) Importer(815301076,1909f56bfc062723c751e8b465ee728b)  -> (artifact id: '16ebf6de9881d347aefdfd8bc5a9129e') in 0.007792 seconds
  Import took 0.014175 seconds .

========================================================================
Received Import Request.
  Time since last request: 362.398556 seconds.
  path: Assets/Scripts/Model/Player.cs
  artifactKey: Guid(f33b6c1e04d8a4e1aa8f35811fc6fb71) Importer(815301076,1909f56bfc062723c751e8b465ee728b)
Start importing Assets/Scripts/Model/Player.cs using Guid(f33b6c1e04d8a4e1aa8f35811fc6fb71) Importer(815301076,1909f56bfc062723c751e8b465ee728b)  -> (artifact id: '406efb1f3ee5995565f0298432668203') in 0.006813 seconds
  Import took 0.014155 seconds .

========================================================================
Received Import Request.
  Time since last request: 0.053922 seconds.
  path: Assets/Scripts/Model/Player.cs
  artifactKey: Guid(f33b6c1e04d8a4e1aa8f35811fc6fb71) Importer(815301076,1909f56bfc062723c751e8b465ee728b)
Start importing Assets/Scripts/Model/Player.cs using Guid(f33b6c1e04d8a4e1aa8f35811fc6fb71) Importer(815301076,1909f56bfc062723c751e8b465ee728b)  -> (artifact id: '406efb1f3ee5995565f0298432668203') in 0.004689 seconds
  Import took 0.008241 seconds .

========================================================================
Received Prepare
Registering precompiled user dll's ...
Registered in 0.001198 seconds.
Begin MonoManager ReloadAssembly
Native extension for WindowsStandalone target not found
Native extension for OSXStandalone target not found
Native extension for WebGL target not found
Refreshing native plugins compatible for Editor in 0.61 ms, found 2 plugins.
Preloading 0 native plugins for Editor in 0.00 ms.
Invoked RoslynAnalysisRunner static constructor.
RoslynAnalysisRunner will not be running.
RoslynAnalysisRunner has terminated.
Mono: successfully reloaded assembly
- Completed reload, in  1.107 seconds
Platform modules already initialized, skipping
Refreshing native plugins compatible for Editor in 0.34 ms, found 2 plugins.
Preloading 0 native plugins for Editor in 0.00 ms.
Unloading 2197 Unused Serialized files (Serialized files now loaded: 0)
System memory in use before: 180.1 MB.
System memory in use after: 180.2 MB.

Unloading 12 unused Assets to reduce memory usage. Loaded Objects now: 2755.
Total: 3.176968 ms (FindLiveObjects: 0.558138 ms CreateObjectMapping: 0.182133 ms MarkObjects: 2.315382 ms  DeleteObjects: 0.119616 ms)

========================================================================
Received Import Request.
  Time since last request: 12.480401 seconds.
  path: Assets/Scripts/Model/Player.cs
  artifactKey: Guid(f33b6c1e04d8a4e1aa8f35811fc6fb71) Importer(815301076,1909f56bfc062723c751e8b465ee728b)
Start importing Assets/Scripts/Model/Player.cs using Guid(f33b6c1e04d8a4e1aa8f35811fc6fb71) Importer(815301076,1909f56bfc062723c751e8b465ee728b)  -> (artifact id: '7e64e6362e556198878d2123a4612acb') in 0.008886 seconds
  Import took 0.014361 seconds .

========================================================================
Received Prepare
Registering precompiled user dll's ...
Registered in 0.000909 seconds.
Begin MonoManager ReloadAssembly
Native extension for WindowsStandalone target not found
Native extension for OSXStandalone target not found
Native extension for WebGL target not found
Refreshing native plugins compatible for Editor in 0.44 ms, found 2 plugins.
Preloading 0 native plugins for Editor in 0.00 ms.
Invoked RoslynAnalysisRunner static constructor.
RoslynAnalysisRunner will not be running.
RoslynAnalysisRunner has terminated.
Mono: successfully reloaded assembly
- Completed reload, in  1.089 seconds
Platform modules already initialized, skipping
Refreshing native plugins compatible for Editor in 0.33 ms, found 2 plugins.
Preloading 0 native plugins for Editor in 0.00 ms.
Unloading 2197 Unused Serialized files (Serialized files now loaded: 0)
System memory in use before: 180.4 MB.
System memory in use after: 180.5 MB.

Unloading 12 unused Assets to reduce memory usage. Loaded Objects now: 2758.
Total: 3.208296 ms (FindLiveObjects: 0.324374 ms CreateObjectMapping: 0.151474 ms MarkObjects: 2.599941 ms  DeleteObjects: 0.130622 ms)

========================================================================
Received Import Request.
  Time since last request: 49450.895571 seconds.
  path: Assets/Scripts/Model/Player.cs
  artifactKey: Guid(f33b6c1e04d8a4e1aa8f35811fc6fb71) Importer(815301076,1909f56bfc062723c751e8b465ee728b)
Start importing Assets/Scripts/Model/Player.cs using Guid(f33b6c1e04d8a4e1aa8f35811fc6fb71) Importer(815301076,1909f56bfc062723c751e8b465ee728b)  -> (artifact id: 'ab1a118e35c701fb4ba8c2b337ba6a53') in 0.120359 seconds
  Import took 0.198345 seconds .

========================================================================
Received Import Request.
  Time since last request: 0.081562 seconds.
  path: Assets/Scripts/Model/Player.cs
  artifactKey: Guid(f33b6c1e04d8a4e1aa8f35811fc6fb71) Importer(815301076,1909f56bfc062723c751e8b465ee728b)
Start importing Assets/Scripts/Model/Player.cs using Guid(f33b6c1e04d8a4e1aa8f35811fc6fb71) Importer(815301076,1909f56bfc062723c751e8b465ee728b)  -> (artifact id: 'ab1a118e35c701fb4ba8c2b337ba6a53') in 0.003467 seconds
  Import took 0.007044 seconds .

========================================================================
Received Prepare
Registering precompiled user dll's ...
Registered in 0.001420 seconds.
Begin MonoManager ReloadAssembly
Native extension for WindowsStandalone target not found
Native extension for OSXStandalone target not found
Native extension for WebGL target not found
Refreshing native plugins compatible for Editor in 0.43 ms, found 2 plugins.
Preloading 0 native plugins for Editor in 0.00 ms.
Invoked RoslynAnalysisRunner static constructor.
RoslynAnalysisRunner will not be running.
RoslynAnalysisRunner has terminated.
Mono: successfully reloaded assembly
- Completed reload, in  1.107 seconds
Platform modules already initialized, skipping
Refreshing native plugins compatible for Editor in 0.56 ms, found 2 plugins.
Preloading 0 native plugins for Editor in 0.00 ms.
Unloading 2197 Unused Serialized files (Serialized files now loaded: 0)
System memory in use before: 181.0 MB.
System memory in use after: 181.1 MB.

Unloading 12 unused Assets to reduce memory usage. Loaded Objects now: 2761.
Total: 3.230383 ms (FindLiveObjects: 0.413797 ms CreateObjectMapping: 0.107369 ms MarkObjects: 2.547769 ms  DeleteObjects: 0.159729 ms)

========================================================================
Received Import Request.
  Time since last request: 28.652735 seconds.
  path: Assets/Scripts/Model/Player.cs
  artifactKey: Guid(f33b6c1e04d8a4e1aa8f35811fc6fb71) Importer(815301076,1909f56bfc062723c751e8b465ee728b)
Start importing Assets/Scripts/Model/Player.cs using Guid(f33b6c1e04d8a4e1aa8f35811fc6fb71) Importer(815301076,1909f56bfc062723c751e8b465ee728b)  -> (artifact id: 'b9fd90b2e1082f1ace6910e9936dd7db') in 0.015995 seconds
  Import took 0.023139 seconds .

========================================================================
Received Prepare
Registering precompiled user dll's ...
Registered in 0.001378 seconds.
Begin MonoManager ReloadAssembly
Native extension for WindowsStandalone target not found
Native extension for OSXStandalone target not found
Native extension for WebGL target not found
Refreshing native plugins compatible for Editor in 0.50 ms, found 2 plugins.
Preloading 0 native plugins for Editor in 0.00 ms.
Invoked RoslynAnalysisRunner static constructor.
RoslynAnalysisRunner will not be running.
RoslynAnalysisRunner has terminated.
Mono: successfully reloaded assembly
- Completed reload, in  1.064 seconds
Platform modules already initialized, skipping
Refreshing native plugins compatible for Editor in 0.43 ms, found 2 plugins.
Preloading 0 native plugins for Editor in 0.00 ms.
Unloading 2197 Unused Serialized files (Serialized files now loaded: 0)
System memory in use before: 181.4 MB.
System memory in use after: 181.5 MB.

Unloading 12 unused Assets to reduce memory usage. Loaded Objects now: 2764.
Total: 2.921509 ms (FindLiveObjects: 0.394049 ms CreateObjectMapping: 0.189259 ms MarkObjects: 2.194819 ms  DeleteObjects: 0.141658 ms)

========================================================================
Received Prepare
Registering precompiled user dll's ...
Registered in 0.001494 seconds.
Begin MonoManager ReloadAssembly
Native extension for WindowsStandalone target not found
Native extension for OSXStandalone target not found
Native extension for WebGL target not found
Refreshing native plugins compatible for Editor in 0.44 ms, found 2 plugins.
Preloading 0 native plugins for Editor in 0.00 ms.
Invoked RoslynAnalysisRunner static constructor.
RoslynAnalysisRunner will not be running.
RoslynAnalysisRunner has terminated.
Mono: successfully reloaded assembly
- Completed reload, in  1.066 seconds
Platform modules already initialized, skipping
Refreshing native plugins compatible for Editor in 0.44 ms, found 2 plugins.
Preloading 0 native plugins for Editor in 0.00 ms.
Unloading 2197 Unused Serialized files (Serialized files now loaded: 0)
System memory in use before: 181.7 MB.
System memory in use after: 181.8 MB.

Unloading 12 unused Assets to reduce memory usage. Loaded Objects now: 2767.
Total: 4.704922 ms (FindLiveObjects: 0.597309 ms CreateObjectMapping: 0.294006 ms MarkObjects: 3.646059 ms  DeleteObjects: 0.164734 ms)

========================================================================
Received Prepare
Registering precompiled user dll's ...
Registered in 0.001421 seconds.
Begin MonoManager ReloadAssembly
Native extension for WindowsStandalone target not found
Native extension for OSXStandalone target not found
Native extension for WebGL target not found
Refreshing native plugins compatible for Editor in 0.46 ms, found 2 plugins.
Preloading 0 native plugins for Editor in 0.00 ms.
Invoked RoslynAnalysisRunner static constructor.
RoslynAnalysisRunner will not be running.
RoslynAnalysisRunner has terminated.
Mono: successfully reloaded assembly
- Completed reload, in  1.223 seconds
Platform modules already initialized, skipping
Refreshing native plugins compatible for Editor in 0.57 ms, found 2 plugins.
Preloading 0 native plugins for Editor in 0.00 ms.
Unloading 2197 Unused Serialized files (Serialized files now loaded: 0)
System memory in use before: 182.0 MB.
System memory in use after: 182.1 MB.

Unloading 12 unused Assets to reduce memory usage. Loaded Objects now: 2770.
Total: 2.685192 ms (FindLiveObjects: 0.287448 ms CreateObjectMapping: 0.093545 ms MarkObjects: 2.196365 ms  DeleteObjects: 0.105929 ms)

========================================================================
Received Import Request.
  Time since last request: 93.405435 seconds.
  path: Assets/Scripts/Save/SaveManager.cs
  artifactKey: Guid(3775906be131842608ea5302bb4cb3df) Importer(815301076,1909f56bfc062723c751e8b465ee728b)
Start importing Assets/Scripts/Save/SaveManager.cs using Guid(3775906be131842608ea5302bb4cb3df) Importer(815301076,1909f56bfc062723c751e8b465ee728b)  -> (artifact id: 'edc0920352fb72050a8c986bf4346c51') in 0.013521 seconds
  Import took 0.021394 seconds .

========================================================================
Received Import Request.
  Time since last request: 53.770658 seconds.
  path: Assets/Scripts/View
  artifactKey: Guid(2c2a813726f714f059bf381fabaf87d0) Importer(815301076,1909f56bfc062723c751e8b465ee728b)
Start importing Assets/Scripts/View using Guid(2c2a813726f714f059bf381fabaf87d0) Importer(815301076,1909f56bfc062723c751e8b465ee728b)  -> (artifact id: '4a94e8e41d5190de9aefd087670f8034') in 0.004645 seconds
  Import took 0.015758 seconds .

========================================================================
Received Import Request.
  Time since last request: 16.855177 seconds.
  path: Assets/Scripts/GameManager.cs
  artifactKey: Guid(d383316d1eef14527bac948739ed3fbf) Importer(815301076,1909f56bfc062723c751e8b465ee728b)
Start importing Assets/Scripts/GameManager.cs using Guid(d383316d1eef14527bac948739ed3fbf) Importer(815301076,1909f56bfc062723c751e8b465ee728b)  -> (artifact id: '8c1065cb8f0a1fbc1b4feea1bb1c1ef8') in 0.007559 seconds
  Import took 0.019652 seconds .

========================================================================
Received Import Request.
  Time since last request: 0.002279 seconds.
  path: Assets/Scripts/GameManager.cs
  artifactKey: Guid(d383316d1eef14527bac948739ed3fbf) Importer(815301076,1909f56bfc062723c751e8b465ee728b)
Start importing Assets/Scripts/GameManager.cs using Guid(d383316d1eef14527bac948739ed3fbf) Importer(815301076,1909f56bfc062723c751e8b465ee728b)  -> (artifact id: '8c1065cb8f0a1fbc1b4feea1bb1c1ef8') in 0.015748 seconds
  Import took 0.026495 seconds .

========================================================================
Received Import Request.
  Time since last request: 13.615620 seconds.
  path: Assets/Scripts/Presenter
  artifactKey: Guid(9f75113378f3a4a339bfbfed5654bedf) Importer(815301076,1909f56bfc062723c751e8b465ee728b)
Start importing Assets/Scripts/Presenter using Guid(9f75113378f3a4a339bfbfed5654bedf) Importer(815301076,1909f56bfc062723c751e8b465ee728b)  -> (artifact id: '0ba96e3956582a21aca47a6a42a9a1f1') in 0.002354 seconds
  Import took 0.009153 seconds .

========================================================================
Received Prepare
Registering precompiled user dll's ...
Registered in 0.001151 seconds.
Begin MonoManager ReloadAssembly
Native extension for WindowsStandalone target not found
Native extension for OSXStandalone target not found
Native extension for WebGL target not found
Refreshing native plugins compatible for Editor in 0.70 ms, found 2 plugins.
Preloading 0 native plugins for Editor in 0.00 ms.
Invoked RoslynAnalysisRunner static constructor.
RoslynAnalysisRunner will not be running.
RoslynAnalysisRunner has terminated.
Mono: successfully reloaded assembly
- Completed reload, in  1.025 seconds
Platform modules already initialized, skipping
Refreshing native plugins compatible for Editor in 0.49 ms, found 2 plugins.
Preloading 0 native plugins for Editor in 0.00 ms.
Unloading 2193 Unused Serialized files (Serialized files now loaded: 0)
System memory in use before: 182.3 MB.
System memory in use after: 182.4 MB.

Unloading 16 unused Assets to reduce memory usage. Loaded Objects now: 2769.
Total: 2.867161 ms (FindLiveObjects: 0.355275 ms CreateObjectMapping: 0.125820 ms MarkObjects: 2.218531 ms  DeleteObjects: 0.165899 ms)

========================================================================
Received Import Request.
  Time since last request: 963.732293 seconds.
  path: Assets/Plugins
  artifactKey: Guid(7a506c127477a46b8999fc8da5e7d83e) Importer(815301076,1909f56bfc062723c751e8b465ee728b)
Start importing Assets/Plugins using Guid(7a506c127477a46b8999fc8da5e7d83e) Importer(815301076,1909f56bfc062723c751e8b465ee728b)  -> (artifact id: '77a77224905b873c48493801e7ec1531') in 0.010702 seconds
  Import took 0.018667 seconds .

========================================================================
Received Import Request.
  Time since last request: 0.748855 seconds.
  path: Assets/Scenes
  artifactKey: Guid(4a6ff9d19fe2347ea9ac5fb72edc0fdc) Importer(815301076,1909f56bfc062723c751e8b465ee728b)
Start importing Assets/Scenes using Guid(4a6ff9d19fe2347ea9ac5fb72edc0fdc) Importer(815301076,1909f56bfc062723c751e8b465ee728b)  -> (artifact id: '96d6d958d3c5b38fc1a906aa24300f1d') in 0.002208 seconds
  Import took 0.008549 seconds .

========================================================================
Received Prepare
Registering precompiled user dll's ...
Registered in 0.000682 seconds.
Begin MonoManager ReloadAssembly
Native extension for WindowsStandalone target not found
Native extension for OSXStandalone target not found
Native extension for WebGL target not found
Refreshing native plugins compatible for Editor in 42.39 ms, found 2 plugins.
Preloading 0 native plugins for Editor in 0.00 ms.
Invoked RoslynAnalysisRunner static constructor.
RoslynAnalysisRunner will not be running.
RoslynAnalysisRunner has terminated.
Mono: successfully reloaded assembly
- Completed reload, in  0.858 seconds
Platform modules already initialized, skipping
Refreshing native plugins compatible for Editor in 0.34 ms, found 2 plugins.
Preloading 0 native plugins for Editor in 0.00 ms.
Unloading 2489 Unused Serialized files (Serialized files now loaded: 0)
System memory in use before: 172.0 MB.
System memory in use after: 172.1 MB.

Unloading 10 unused Assets to reduce memory usage. Loaded Objects now: 3062.
Total: 2.784501 ms (FindLiveObjects: 0.378177 ms CreateObjectMapping: 0.191349 ms MarkObjects: 2.062488 ms  DeleteObjects: 0.150800 ms)

AssetImportWorkerClient::OnTransportError - code=2 error=End of file
